<?xml version="1.0" encoding="UTF-8"?>
<!-- Generated by org.testng.reporters.JUnitXMLReporter -->
<testsuite hostname="LAPTOP-BGS5S7GJ" ignored="0" name="127.0.0.1:62025" tests="7" failures="0" timestamp="13 六月 2020 08:22:27 GMT" time="30.306" errors="0">
  <testcase name="@BeforeClass init" time="0.0" classname="com.crazy.auto.test.MtxTestBase0510">
    <failure type="org.testng.TestNGException" message="
Parameter &amp;apos;browserType&amp;apos; is required by BeforeClass on method init but has not been marked @Optional or defined
in D:\eclipse-workspace\CrazyAutoTest1\testng0611.xml">
      <![CDATA[org.testng.TestNGException: 
Parameter 'browserType' is required by BeforeClass on method init but has not been marked @Optional or defined
in D:\eclipse-workspace\CrazyAutoTest1\testng0611.xml
at java.util.concurrent.FutureTask.run(FutureTask.java:266)
at java.util.concurrent.ThreadPoolExecutor.runWorker(ThreadPoolExecutor.java:1142)
at java.util.concurrent.ThreadPoolExecutor$Worker.run(ThreadPoolExecutor.java:617)
at java.lang.Thread.run(Thread.java:745)
... Removed 14 stack frames]]>
    </failure>
  </testcase> <!-- @BeforeClass init -->
  <testcase name="@AfterMethod backHome" time="0.0" classname="com.crazy.auto.test.MtxTestBase0510">
    <skipped/>
  </testcase> <!-- @AfterMethod backHome -->
  <testcase name="@AfterMethod backHome" time="0.0" classname="com.crazy.auto.test.MtxTestBase0510">
    <skipped/>
  </testcase> <!-- @AfterMethod backHome -->
  <testcase name="@AfterMethod backHome" time="0.0" classname="com.crazy.auto.test.MtxTestBase0510">
    <skipped/>
  </testcase> <!-- @AfterMethod backHome -->
  <testcase name="@AfterMethod backHome" time="0.0" classname="com.crazy.auto.test.MtxTestBase0510">
    <skipped/>
  </testcase> <!-- @AfterMethod backHome -->
  <testcase name="@AfterMethod backHome" time="0.0" classname="com.crazy.auto.test.MtxTestBase0510">
    <skipped/>
  </testcase> <!-- @AfterMethod backHome -->
  <testcase name="@AfterMethod backHome" time="0.0" classname="com.crazy.auto.test.MtxTestBase0510">
    <skipped/>
  </testcase> <!-- @AfterMethod backHome -->
  <testcase name="@AfterClass quit" time="0.0" classname="com.crazy.auto.test.MtxTestBase0510">
    <skipped/>
  </testcase> <!-- @AfterClass quit -->
  <testcase name="test001_login" time="9.522" classname="com.mtx.autotest05.DouBanTests"/>
  <testcase name="test003_login" time="0.0" classname="com.mtx.autotest05.MtxTests">
    <skipped/>
  </testcase> <!-- test003_login -->
  <testcase name="test004_order" time="0.0" classname="com.mtx.autotest05.MtxTests">
    <skipped/>
  </testcase> <!-- test004_order -->
  <testcase name="test006_sendGoods" time="0.0" classname="com.mtx.autotest05.MtxTests">
    <skipped/>
  </testcase> <!-- test006_sendGoods -->
  <testcase name="test007_acceptGoods" time="0.0" classname="com.mtx.autotest05.MtxTests">
    <skipped/>
  </testcase> <!-- test007_acceptGoods -->
  <testcase name="test008_comment" time="0.0" classname="com.mtx.autotest05.MtxTests">
    <skipped/>
  </testcase> <!-- test008_comment -->
  <testcase name="test009_onlyRefund" time="0.0" classname="com.mtx.autotest05.MtxTests">
    <skipped/>
  </testcase> <!-- test009_onlyRefund -->
</testsuite> <!-- 127.0.0.1:62025 -->
