<?xml version="1.0" encoding="UTF-8"?>
<!-- Generated by org.testng.reporters.JUnitReportReporter -->
<testsuite skipped="6" hostname="LAPTOP-BGS5S7GJ" name="com.mtx.autotest05.MtxTests" tests="7" failures="0" timestamp="13 六月 2020 08:22:29 GMT" time="0.000" errors="1">
  <testcase name="test008_comment" time="0.000" classname="com.mtx.autotest05.MtxTests">
    <skipped/>
  </testcase> <!-- test008_comment -->
  <testcase name="init" time="0.000" classname="com.mtx.autotest05.MtxTests">
    <error type="org.testng.TestNGException" message="
Parameter &#039;browserType&#039; is required by BeforeClass on method init but has not been marked @Optional or defined
in D:\eclipse-workspace\CrazyAutoTest1\testng0611.xml">
      <![CDATA[org.testng.TestNGException: 
Parameter 'browserType' is required by BeforeClass on method init but has not been marked @Optional or defined
in D:\eclipse-workspace\CrazyAutoTest1\testng0611.xml
at org.testng.internal.Parameters.createParams(Parameters.java:290)
at org.testng.internal.Parameters.createParametersForMethod(Parameters.java:359)
at org.testng.internal.Parameters.createParameters(Parameters.java:620)
at org.testng.internal.Parameters.createConfigurationParameters(Parameters.java:190)
at org.testng.internal.Invoker.invokeConfigurations(Invoker.java:209)
at org.testng.internal.Invoker.invokeConfigurations(Invoker.java:142)
at org.testng.internal.TestMethodWorker.invokeBeforeClassMethods(TestMethodWorker.java:168)
at org.testng.internal.TestMethodWorker.run(TestMethodWorker.java:105)
at org.testng.TestRunner.privateRun(TestRunner.java:648)
at org.testng.TestRunner.run(TestRunner.java:505)
at org.testng.SuiteRunner.runTest(SuiteRunner.java:455)
at org.testng.SuiteRunner.access$000(SuiteRunner.java:40)
at org.testng.SuiteRunner$SuiteWorker.run(SuiteRunner.java:489)
at org.testng.internal.thread.ThreadUtil$1.call(ThreadUtil.java:52)
at java.util.concurrent.FutureTask.run(FutureTask.java:266)
at java.util.concurrent.ThreadPoolExecutor.runWorker(ThreadPoolExecutor.java:1142)
at java.util.concurrent.ThreadPoolExecutor$Worker.run(ThreadPoolExecutor.java:617)
at java.lang.Thread.run(Thread.java:745)
]]>
    </error>
  </testcase> <!-- init -->
  <testcase name="test007_acceptGoods" time="0.000" classname="com.mtx.autotest05.MtxTests">
    <skipped/>
  </testcase> <!-- test007_acceptGoods -->
  <testcase name="test006_sendGoods" time="0.000" classname="com.mtx.autotest05.MtxTests">
    <skipped/>
  </testcase> <!-- test006_sendGoods -->
  <testcase name="test009_onlyRefund" time="0.000" classname="com.mtx.autotest05.MtxTests">
    <skipped/>
  </testcase> <!-- test009_onlyRefund -->
  <testcase name="test003_login" time="0.000" classname="com.mtx.autotest05.MtxTests">
    <skipped/>
  </testcase> <!-- test003_login -->
  <testcase name="test004_order" time="0.000" classname="com.mtx.autotest05.MtxTests">
    <skipped/>
  </testcase> <!-- test004_order -->
</testsuite> <!-- com.mtx.autotest05.MtxTests -->
